<?xml version="1.0" encoding="UTF-8"?>
<!-- Generated by org.testng.reporters.JUnitReportReporter -->
<testsuite ignored="0" hostname="LAPTOP-9081R7OK" failures="0" tests="2" name="Test_Case_Contact.TC_ID_13" time="132.181" errors="0" timestamp="05 Oct 2023 06:09:05 GMT" skipped="0">
  <testcase classname="Test_Case_Contact.TC_ID_13" name="TC_ID_13" time="96.677"/>
  <testcase classname="Test_Case_Contact.TC_ID_13" name="Login2App" time="35.504"/>
</testsuite> <!-- Test_Case_Contact.TC_ID_13 -->
