<?xml version="1.0" encoding="UTF-8"?>
<!-- Generated by org.testng.reporters.JUnitReportReporter -->
<testsuite ignored="3" hostname="LAPTOP-9081R7OK" failures="0" tests="2" name="Test_Case_Home.TC_ID_09_01" time="177.593" errors="0" timestamp="18 Oct 2023 12:23:26 GMT" skipped="0">
  <testcase classname="Test_Case_Home.TC_ID_09_01" name="Login2App" time="34.054"/>
  <testcase classname="Test_Case_Home.TC_ID_09_01" name="TC_ID_09_01" time="143.539"/>
  <testcase classname="mobileAppLaunch.Launch" name="setUp">
    <skipped/>
  </testcase> <!-- setUp -->
  <testcase classname="mobileAppLaunch.Launch" name="setUp">
    <skipped/>
  </testcase> <!-- setUp -->
  <testcase classname="mobileAppLaunch.Launch" name="setUp">
    <skipped/>
  </testcase> <!-- setUp -->
</testsuite> <!-- Test_Case_Home.TC_ID_09_01 -->
