<?xml version="1.0" encoding="UTF-8"?>
<!-- Generated by org.testng.reporters.JUnitReportReporter -->
<testsuite ignored="0" hostname="LAPTOP-9081R7OK" failures="0" tests="9" name="Test_Case_Home.TC_ID_11" time="681.231" errors="0" timestamp="03 Oct 2023 13:27:38 GMT" skipped="0">
  <testcase classname="Test_Case_Home.TC_ID_11" name="TC_ID_11_07" time="127.828"/>
  <testcase classname="Test_Case_Home.TC_ID_11" name="TC_ID_11_04" time="15.684"/>
  <testcase classname="Test_Case_Home.TC_ID_11" name="TC_ID_11_01" time="82.824"/>
  <testcase classname="Test_Case_Home.TC_ID_11" name="TC_ID_11_08" time="132.779"/>
  <testcase classname="Test_Case_Home.TC_ID_11" name="TC_ID_11_02" time="17.696"/>
  <testcase classname="Test_Case_Home.TC_ID_11" name="Login2App" time="39.385"/>
  <testcase classname="Test_Case_Home.TC_ID_11" name="TC_ID_11_05" time="63.384"/>
  <testcase classname="Test_Case_Home.TC_ID_11" name="TC_ID_11_06" time="67.058"/>
  <testcase classname="Test_Case_Home.TC_ID_11" name="TC_ID_11_09" time="134.593"/>
</testsuite> <!-- Test_Case_Home.TC_ID_11 -->
