<?xml version="1.0" encoding="UTF-8"?>
<!-- Generated by org.testng.reporters.JUnitReportReporter -->
<testsuite ignored="0" hostname="LAPTOP-9081R7OK" failures="0" tests="8" name="Test_Case_Payment.TC_ID_20" time="222.401" errors="0" timestamp="16 Oct 2023 13:02:59 GMT" skipped="0">
  <testcase classname="Test_Case_Payment.TC_ID_20" name="TC_ID_20_07" time="22.509"/>
  <testcase classname="Test_Case_Payment.TC_ID_20" name="TC_ID_20_02" time="22.234"/>
  <testcase classname="Test_Case_Payment.TC_ID_20" name="Login2App" time="34.385"/>
  <testcase classname="Test_Case_Payment.TC_ID_20" name="TC_ID_20_05" time="5.874"/>
  <testcase classname="Test_Case_Payment.TC_ID_20" name="TC_ID_20_06" time="31.951"/>
  <testcase classname="Test_Case_Payment.TC_ID_20" name="TC_ID_20_04" time="32.907"/>
  <testcase classname="Test_Case_Payment.TC_ID_20" name="TC_ID_20_03" time="5.251"/>
  <testcase classname="Test_Case_Payment.TC_ID_20" name="TC_ID_20_01" time="67.290"/>
</testsuite> <!-- Test_Case_Payment.TC_ID_20 -->
