<?xml version="1.0" encoding="UTF-8"?>
<!-- Generated by org.testng.reporters.JUnitReportReporter -->
<testsuite ignored="0" hostname="LAPTOP-9081R7OK" failures="0" tests="2" name="Test_Case_Contact.TC_ID_12" time="235.298" errors="0" timestamp="04 Oct 2023 11:18:58 GMT" skipped="0">
  <testcase classname="Test_Case_Contact.TC_ID_12" name="Login2App" time="69.972"/>
  <testcase classname="Test_Case_Contact.TC_ID_12" name="TC_ID_12" time="165.326"/>
</testsuite> <!-- Test_Case_Contact.TC_ID_12 -->
