<?xml version="1.0" encoding="UTF-8"?>
<!-- Generated by org.testng.reporters.JUnitReportReporter -->
<testsuite ignored="0" hostname="LAPTOP-9081R7OK" failures="0" tests="8" name="Test_Case_Home.TC_ID_10" time="632.737" errors="0" timestamp="28 Sep 2023 11:58:52 GMT" skipped="0">
  <testcase classname="Test_Case_Home.TC_ID_10" name="TC_ID_10_04" time="12.382"/>
  <testcase classname="Test_Case_Home.TC_ID_10" name="TC_ID_10_06" time="171.791"/>
  <testcase classname="Test_Case_Home.TC_ID_10" name="Login2App" time="44.724"/>
  <testcase classname="Test_Case_Home.TC_ID_10" name="TC_ID_10_02" time="18.276"/>
  <testcase classname="Test_Case_Home.TC_ID_10" name="TC_ID_10_01" time="57.812"/>
  <testcase classname="Test_Case_Home.TC_ID_10" name="TC_ID_10_07" time="198.071"/>
  <testcase classname="Test_Case_Home.TC_ID_10" name="TC_ID_10_03" time="2.001"/>
  <testcase classname="Test_Case_Home.TC_ID_10" name="TC_ID_10_05" time="127.680"/>
</testsuite> <!-- Test_Case_Home.TC_ID_10 -->
