<?xml version="1.0" encoding="UTF-8"?>
<!-- Generated by org.testng.reporters.JUnitReportReporter -->
<testsuite ignored="0" hostname="LAPTOP-9081R7OK" failures="0" tests="2" name="Test_Case_Payment.TC_ID_22" time="119.559" errors="0" timestamp="17 Oct 2023 06:09:10 GMT" skipped="0">
  <testcase classname="Test_Case_Payment.TC_ID_22" name="Login2App" time="31.371"/>
  <testcase classname="Test_Case_Payment.TC_ID_22" name="TC_ID_22_01" time="88.188"/>
</testsuite> <!-- Test_Case_Payment.TC_ID_22 -->
