<?xml version="1.0" encoding="UTF-8"?>
<!-- Generated by org.testng.reporters.JUnitReportReporter -->
<testsuite ignored="0" hostname="LAPTOP-9081R7OK" failures="0" tests="3" name="Test_Case_Home.TC_ID_08" time="169.034" errors="0" timestamp="21 Sep 2023 07:50:19 GMT" skipped="0">
  <testcase classname="Test_Case_Home.TC_ID_08" name="TC_ID_08" time="52.351"/>
  <testcase classname="Test_Case_Home.TC_ID_08" name="Login2App" time="43.372"/>
  <testcase classname="Test_Case_Home.TC_ID_08" name="TC_ID_08_01" time="73.311"/>
</testsuite> <!-- Test_Case_Home.TC_ID_08 -->
