<?xml version="1.0" encoding="UTF-8"?>
<!-- Generated by org.testng.reporters.JUnitReportReporter -->
<testsuite ignored="0" hostname="LAPTOP-9081R7OK" failures="0" tests="2" name="Test_Case_Payment.TC_ID_21" time="88.966" errors="0" timestamp="16 Oct 2023 13:15:58 GMT" skipped="0">
  <testcase classname="Test_Case_Payment.TC_ID_21" name="Login2App" time="33.612"/>
  <testcase classname="Test_Case_Payment.TC_ID_21" name="TC_ID_21_01" time="55.354"/>
</testsuite> <!-- Test_Case_Payment.TC_ID_21 -->
