<?xml version="1.0" encoding="UTF-8"?>
<!-- Generated by org.testng.reporters.JUnitReportReporter -->
<testsuite ignored="0" hostname="LAPTOP-9081R7OK" failures="0" tests="10" name="Test_Case_Sell_Your_Service.TC_ID_15" time="1178.764" errors="0" timestamp="18 Oct 2023 04:39:39 GMT" skipped="0">
  <testcase classname="Test_Case_Sell_Your_Service.TC_ID_15" name="TC_ID_15_03" time="20.384"/>
  <testcase classname="Test_Case_Sell_Your_Service.TC_ID_15" name="TC_ID_15_04" time="4.098"/>
  <testcase classname="Test_Case_Sell_Your_Service.TC_ID_15" name="Login2App" time="31.736"/>
  <testcase classname="Test_Case_Sell_Your_Service.TC_ID_15" name="TC_ID_15_01" time="210.952"/>
  <testcase classname="Test_Case_Sell_Your_Service.TC_ID_15" name="TC_ID_15_06" time="68.851"/>
  <testcase classname="Test_Case_Sell_Your_Service.TC_ID_15" name="TC_ID_15_07" time="180.403"/>
  <testcase classname="Test_Case_Sell_Your_Service.TC_ID_15" name="TC_ID_15_02" time="104.639"/>
  <testcase classname="Test_Case_Sell_Your_Service.TC_ID_15" name="TC_ID_15_09" time="432.428"/>
  <testcase classname="Test_Case_Sell_Your_Service.TC_ID_15" name="TC_ID_15_05" time="13.014"/>
  <testcase classname="Test_Case_Sell_Your_Service.TC_ID_15" name="TC_ID_15_08" time="112.259"/>
</testsuite> <!-- Test_Case_Sell_Your_Service.TC_ID_15 -->
