<?xml version="1.0" encoding="UTF-8"?>
<!-- Generated by org.testng.reporters.JUnitReportReporter -->
<testsuite ignored="0" hostname="LAPTOP-9081R7OK" failures="0" tests="10" name="Test_Case_Sell_Your_Service.TC_ID_16" time="1123.876" errors="0" timestamp="17 Oct 2023 12:22:46 GMT" skipped="0">
  <testcase classname="Test_Case_Sell_Your_Service.TC_ID_16" name="TC_ID_16_03" time="18.205"/>
  <testcase classname="Test_Case_Sell_Your_Service.TC_ID_16" name="TC_ID_16_04" time="4.843"/>
  <testcase classname="Test_Case_Sell_Your_Service.TC_ID_16" name="Login2App" time="31.271"/>
  <testcase classname="Test_Case_Sell_Your_Service.TC_ID_16" name="TC_ID_16_01" time="200.126"/>
  <testcase classname="Test_Case_Sell_Your_Service.TC_ID_16" name="TC_ID_16_06" time="67.046"/>
  <testcase classname="Test_Case_Sell_Your_Service.TC_ID_16" name="TC_ID_16_07" time="172.400"/>
  <testcase classname="Test_Case_Sell_Your_Service.TC_ID_16" name="TC_ID_16_02" time="99.972"/>
  <testcase classname="Test_Case_Sell_Your_Service.TC_ID_16" name="TC_ID_16_09" time="406.924"/>
  <testcase classname="Test_Case_Sell_Your_Service.TC_ID_16" name="TC_ID_16_05" time="11.272"/>
  <testcase classname="Test_Case_Sell_Your_Service.TC_ID_16" name="TC_ID_16_08" time="111.817"/>
</testsuite> <!-- Test_Case_Sell_Your_Service.TC_ID_16 -->
