<?xml version="1.0" encoding="UTF-8"?>
<!-- Generated by org.testng.reporters.JUnitReportReporter -->
<testsuite ignored="0" hostname="LAPTOP-9081R7OK" failures="0" tests="14" name="Test_Case_Contact.TC_ID_25" time="576.829" errors="0" timestamp="07 Oct 2023 12:44:32 GMT" skipped="0">
  <testcase classname="Test_Case_Contact.TC_ID_25" name="TC_ID_25_04" time="37.113"/>
  <testcase classname="Test_Case_Contact.TC_ID_25" name="TC_ID_25_10" time="42.949"/>
  <testcase classname="Test_Case_Contact.TC_ID_25" name="Login" time="29.662"/>
  <testcase classname="Test_Case_Contact.TC_ID_25" name="TC_ID_25_01" time="56.808"/>
  <testcase classname="Test_Case_Contact.TC_ID_25" name="TC_ID_25_11" time="43.006"/>
  <testcase classname="Test_Case_Contact.TC_ID_25" name="TC_ID_25_12" time="42.972"/>
  <testcase classname="Test_Case_Contact.TC_ID_25" name="TC_ID_25_03" time="37.841"/>
  <testcase classname="Test_Case_Contact.TC_ID_25" name="TC_ID_25_09" time="44.240"/>
  <testcase classname="Test_Case_Contact.TC_ID_25" name="TC_ID_25_07" time="43.989"/>
  <testcase classname="Test_Case_Contact.TC_ID_25" name="TC_ID_25_05" time="36.304"/>
  <testcase classname="Test_Case_Contact.TC_ID_25" name="TC_ID_25_13" time="42.644"/>
  <testcase classname="Test_Case_Contact.TC_ID_25" name="TC_ID_25_02" time="38.188"/>
  <testcase classname="Test_Case_Contact.TC_ID_25" name="TC_ID_25_06" time="37.612"/>
  <testcase classname="Test_Case_Contact.TC_ID_25" name="TC_ID_25_08" time="43.501"/>
</testsuite> <!-- Test_Case_Contact.TC_ID_25 -->
