<?xml version="1.0" encoding="UTF-8"?>
<!-- Generated by org.testng.reporters.JUnitReportReporter -->
<testsuite ignored="0" hostname="LAPTOP-9081R7OK" failures="0" tests="2" name="Test_Case_Contact.TC_ID_14" time="84.907" errors="0" timestamp="05 Oct 2023 06:26:54 GMT" skipped="0">
  <testcase classname="Test_Case_Contact.TC_ID_14" name="Login2App" time="28.822"/>
  <testcase classname="Test_Case_Contact.TC_ID_14" name="TC_ID_14" time="56.085"/>
</testsuite> <!-- Test_Case_Contact.TC_ID_14 -->
